[    0.000000] Linux version 4.15.0-212-generic (buildd@lcy02-amd64-083) (gcc version 7.5.0 (Ubuntu 7.5.0-3ubuntu1~18.04)) #223-Ubuntu SMP Tue May 23 13:09:22 UTC 2023 (Ubuntu 4.15.0-212.223-generic 4.15.18)
[    0.000000] Command line: BOOT_IMAGE=/boot/vmlinuz-4.15.0-212-generic root=LABEL=cloudimg-rootfs ro console=tty1 console=ttyS0
[    0.000000] KERNEL supported cpus:
[    0.000000]   Intel GenuineIntel
[    0.000000]   AMD AuthenticAMD
[    0.000000]   Centaur CentaurHauls
[    0.000000] x86/fpu: x87 FPU will use FXSAVE
[    0.000000] e820: BIOS-provided physical RAM map:
[    0.000000] BIOS-e820: [mem 0x0000000000000000-0x000000000009fbff] usable
[    0.000000] BIOS-e820: [mem 0x000000000009fc00-0x000000000009ffff] reserved
[    0.000000] BIOS-e820: [mem 0x00000000000f0000-0x00000000000fffff] reserved
[    0.000000] BIOS-e820: [mem 0x0000000000100000-0x000000001ffeffff] usable
[    0.000000] BIOS-e820: [mem 0x000000001fff0000-0x000000001fffffff] ACPI data
[    0.000000] BIOS-e820: [mem 0x00000000fec00000-0x00000000fec00fff] reserved
[    0.000000] BIOS-e820: [mem 0x00000000fee00000-0x00000000fee00fff] reserved
[    0.000000] BIOS-e820: [mem 0x00000000fffc0000-0x00000000ffffffff] reserved
[    0.000000] NX (Execute Disable) protection: active
[    0.000000] SMBIOS 2.5 present.
[    0.000000] DMI: innotek GmbH VirtualBox/VirtualBox, BIOS VirtualBox 12/01/2006
[    0.000000] Hypervisor detected: KVM
[    0.000000] e820: last_pfn = 0x1fff0 max_arch_pfn = 0x400000000
[    0.000000] MTRR: Disabled
[    0.000000] x86/PAT: MTRRs disabled, skipping PAT initialization too.
[    0.000000] CPU MTRRs all blank - virtualized system.
[    0.000000] x86/PAT: Configuration [0-7]: WB  WT  UC- UC  WB  WT  UC- UC  
[    0.000000] found SMP MP-table at [mem 0x0009fff0-0x0009ffff]
[    0.000000] Scanning 1 areas for low memory corruption
[    0.000000] RAMDISK: [mem 0x1db01000-0x1ee12fff]
[    0.000000] ACPI: Early table checksum verification disabled
[    0.000000] ACPI: RSDP 0x00000000000E0000 000024 (v02 VBOX  )
[    0.000000] ACPI: XSDT 0x000000001FFF0030 00003C (v01 VBOX   VBOXXSDT 00000001 ASL  00000061)
[    0.000000] ACPI: FACP 0x000000001FFF00F0 0000F4 (v04 VBOX   VBOXFACP 00000001 ASL  00000061)
[    0.000000] ACPI: DSDT 0x000000001FFF0610 002353 (v02 VBOX   VBOXBIOS 00000002 INTL 20100528)
[    0.000000] ACPI: FACS 0x000000001FFF0200 000040
[    0.000000] ACPI: FACS 0x000000001FFF0200 000040
[    0.000000] ACPI: APIC 0x000000001FFF0240 000054 (v02 VBOX   VBOXAPIC 00000001 ASL  00000061)
[    0.000000] ACPI: SSDT 0x000000001FFF02A0 00036C (v01 VBOX   VBOXCPUT 00000002 INTL 20100528)
[    0.000000] ACPI: Reserving FACP table memory at [mem 0x1fff00f0-0x1fff01e3]
[    0.000000] ACPI: Reserving DSDT table memory at [mem 0x1fff0610-0x1fff2962]
[    0.000000] ACPI: Reserving FACS table memory at [mem 0x1fff0200-0x1fff023f]
[    0.000000] ACPI: Reserving FACS table memory at [mem 0x1fff0200-0x1fff023f]
[    0.000000] ACPI: Reserving APIC table memory at [mem 0x1fff0240-0x1fff0293]
[    0.000000] ACPI: Reserving SSDT table memory at [mem 0x1fff02a0-0x1fff060b]
[    0.000000] No NUMA configuration found
[    0.000000] Faking a node at [mem 0x0000000000000000-0x000000001ffeffff]
[    0.000000] NODE_DATA(0) allocated [mem 0x1ffc5000-0x1ffeffff]
[    0.000000] kvm-clock: cpu 0, msr 0:1ff44001, primary cpu clock
[    0.000000] kvm-clock: Using msrs 4b564d01 and 4b564d00
[    0.000000] kvm-clock: using sched offset of 5313172637 cycles
[    0.000000] clocksource: kvm-clock: mask: 0xffffffffffffffff max_cycles: 0x1cd42e4dffb, max_idle_ns: 881590591483 ns
[    0.000000] Zone ranges:
[    0.000000]   DMA      [mem 0x0000000000001000-0x0000000000ffffff]
[    0.000000]   DMA32    [mem 0x0000000001000000-0x000000001ffeffff]
[    0.000000]   Normal   empty
[    0.000000]   Device   empty
[    0.000000] Movable zone start for each node
[    0.000000] Early memory node ranges
[    0.000000]   node   0: [mem 0x0000000000001000-0x000000000009efff]
[    0.000000]   node   0: [mem 0x0000000000100000-0x000000001ffeffff]
[    0.000000] Reserved but unavailable: 104 pages
[    0.000000] Initmem setup node 0 [mem 0x0000000000001000-0x000000001ffeffff]
[    0.000000] ACPI: PM-Timer IO Port: 0x4008
[    0.000000] IOAPIC[0]: apic_id 1, version 32, address 0xfec00000, GSI 0-23
[    0.000000] ACPI: INT_SRC_OVR (bus 0 bus_irq 0 global_irq 2 dfl dfl)
[    0.000000] ACPI: INT_SRC_OVR (bus 0 bus_irq 9 global_irq 9 low level)
[    0.000000] Using ACPI (MADT) for SMP configuration information
[    0.000000] smpboot: Allowing 1 CPUs, 0 hotplug CPUs
[    0.000000] PM: Registered nosave memory: [mem 0x00000000-0x00000fff]
[    0.000000] PM: Registered nosave memory: [mem 0x0009f000-0x0009ffff]
[    0.000000] PM: Registered nosave memory: [mem 0x000a0000-0x000effff]
[    0.000000] PM: Registered nosave memory: [mem 0x000f0000-0x000fffff]
[    0.000000] e820: [mem 0x20000000-0xfebfffff] available for PCI devices
[    0.000000] Booting paravirtualized kernel on KVM
[    0.000000] clocksource: refined-jiffies: mask: 0xffffffff max_cycles: 0xffffffff, max_idle_ns: 7645519600211568 ns
[    0.000000] setup_percpu: NR_CPUS:8192 nr_cpumask_bits:1 nr_cpu_ids:1 nr_node_ids:1
[    0.000000] percpu: Embedded 50 pages/cpu s167936 r8192 d28672 u2097152
[    0.000000] PV qspinlock hash table entries: 256 (order: 0, 4096 bytes)
[    0.000000] Built 1 zonelists, mobility grouping on.  Total pages: 128889
[    0.000000] Policy zone: DMA32
[    0.000000] Kernel command line: BOOT_IMAGE=/boot/vmlinuz-4.15.0-212-generic root=LABEL=cloudimg-rootfs ro console=tty1 console=ttyS0
[    0.000000] Memory: 466748K/523832K available (12300K kernel code, 2477K rwdata, 4324K rodata, 2480K init, 2720K bss, 57084K reserved, 0K cma-reserved)
[    0.000000] SLUB: HWalign=64, Order=0-3, MinObjects=0, CPUs=1, Nodes=1
[    0.000000] ftrace: allocating 39508 entries in 155 pages
[    0.004000] Hierarchical RCU implementation.
[    0.004000] 	RCU restricting CPUs from NR_CPUS=8192 to nr_cpu_ids=1.
[    0.004000] 	Tasks RCU enabled.
[    0.004000] RCU: Adjusting geometry for rcu_fanout_leaf=16, nr_cpu_ids=1
[    0.004000] NR_IRQS: 524544, nr_irqs: 256, preallocated irqs: 16
[    0.004000] random: crng init done
[    0.004000] Console: colour VGA+ 80x25
[    0.004000] console [tty1] enabled
[    0.004000] console [ttyS0] enabled
[    0.004000] ACPI: Core revision 20170831
[    0.004000] ACPI: 2 ACPI AML tables successfully acquired and loaded
[    0.004000] APIC: Switch to symmetric I/O mode setup
[    0.008000] ..TIMER: vector=0x30 apic1=0 pin1=2 apic2=-1 pin2=-1
[    0.008014] tsc: Detected 2419.198 MHz processor
[    0.012015] Calibrating delay loop (skipped) preset value.. 4838.39 BogoMIPS (lpj=9676792)
[    0.016011] pid_max: default: 32768 minimum: 301
[    0.020112] Security Framework initialized
[    0.024008] Yama: becoming mindful.
[    0.028031] AppArmor: AppArmor initialized
[    0.032278] Dentry cache hash table entries: 65536 (order: 7, 524288 bytes)
[    0.036047] Inode-cache hash table entries: 32768 (order: 6, 262144 bytes)
[    0.040058] Mount-cache hash table entries: 1024 (order: 1, 8192 bytes)
[    0.044021] Mountpoint-cache hash table entries: 1024 (order: 1, 8192 bytes)
[    0.052321] Last level iTLB entries: 4KB 0, 2MB 0, 4MB 0
[    0.056008] Last level dTLB entries: 4KB 0, 2MB 0, 4MB 0, 1GB 0
[    0.064009] Spectre V1 : Mitigation: usercopy/swapgs barriers and __user pointer sanitization
[    0.068013] Spectre V2 : Mitigation: Enhanced IBRS
[    0.072012] Spectre V2 : Spectre v2 / SpectreRSB mitigation: Filling RSB on context switch
[    0.076008] Spectre V2 : Spectre v2 / PBRSB-eIBRS: Retire a single CALL on VMEXIT
[    0.080007] RETBleed: Mitigation: Enhanced IBRS
[    0.084007] Speculative Store Bypass: Vulnerable
[    0.096000] Freeing SMP alternatives memory: 36K
[    0.212007] APIC calibration not consistent with PM-Timer: 103ms instead of 100ms
[    0.216000] APIC delta adjusted to PM-Timer: 6308653 (6500370)
[    0.216359] smpboot: CPU0: 11th Gen Intel(R) Core(TM) i5-1135G7 @ 2.40GHz (family: 0x6, model: 0x8c, stepping: 0x1)
[    0.220156] Performance Events: unsupported p6 CPU model 140 no PMU driver, software events only.
[    0.224061] Hierarchical SRCU implementation.
[    0.229288] NMI watchdog: Perf event create on CPU 0 failed with -2
[    0.232010] NMI watchdog: Perf NMI watchdog permanently disabled
[    0.236127] smp: Bringing up secondary CPUs ...
[    0.244016] smp: Brought up 1 node, 1 CPU
[    0.248008] smpboot: Max logical packages: 1
[    0.252008] smpboot: Total of 1 processors activated (4838.39 BogoMIPS)
[    0.256280] devtmpfs: initialized
[    0.260071] x86/mm: Memory block size: 128MB
[    0.264139] evm: security.selinux
[    0.268042] evm: security.SMACK64
[    0.272007] evm: security.SMACK64EXEC
[    0.276006] evm: security.SMACK64TRANSMUTE
[    0.280007] evm: security.SMACK64MMAP
[    0.284009] evm: security.apparmor
[    0.288008] evm: security.ima
[    0.292008] evm: security.capability
[    0.296163] clocksource: jiffies: mask: 0xffffffff max_cycles: 0xffffffff, max_idle_ns: 7645041785100000 ns
[    0.300041] futex hash table entries: 256 (order: 2, 16384 bytes)
[    0.304079] pinctrl core: initialized pinctrl subsystem
[    0.312408] RTC time: 17:19:43, date: 11/02/24
[    0.316193] NET: Registered protocol family 16
[    0.320160] audit: initializing netlink subsys (disabled)
[    0.324452] cpuidle: using governor ladder
[    0.328024] audit: type=2000 audit(1730567989.271:1): state=initialized audit_enabled=0 res=1
[    0.332073] cpuidle: using governor menu
[    0.336127] ACPI: bus type PCI registered
[    0.340016] acpiphp: ACPI Hot Plug PCI Controller Driver version: 0.5
[    0.344471] PCI: Using configuration type 1 for base access
[    0.349552] HugeTLB registered 2.00 MiB page size, pre-allocated 0 pages
[    0.352735] ACPI: Added _OSI(Module Device)
[    0.356018] ACPI: Added _OSI(Processor Device)
[    0.364046] ACPI: Added _OSI(3.0 _SCP Extensions)
[    0.368011] ACPI: Added _OSI(Processor Aggregator Device)
[    0.372029] ACPI: Added _OSI(Linux-Dell-Video)
[    0.376066] ACPI: Added _OSI(Linux-Lenovo-NV-HDMI-Audio)
[    0.380015] ACPI: Added _OSI(Linux-HPI-Hybrid-Graphics)
[    0.389288] ACPI: Executed 1 blocks of module-level executable AML code
[    0.398603] ACPI: Interpreter enabled
[    0.400039] ACPI: (supports S0 S5)
[    0.404014] ACPI: Using IOAPIC for interrupt routing
[    0.408622] PCI: Using host bridge windows from ACPI; if necessary, use "pci=nocrs" and report a bug
[    0.412451] ACPI: Enabled 2 GPEs in block 00 to 07
[    0.432771] ACPI: PCI Root Bridge [PCI0] (domain 0000 [bus 00-ff])
[    0.436028] acpi PNP0A03:00: _OSC: OS supports [ASPM ClockPM Segments MSI]
[    0.444057] acpi PNP0A03:00: _OSC: not requesting OS control; OS requires [ExtendedConfig ASPM ClockPM MSI]
[    0.448044] acpi PNP0A03:00: fail to add MMCONFIG information, can't access extended PCI configuration space under this bridge.
[    0.453405] PCI host bridge to bus 0000:00
[    0.456016] pci_bus 0000:00: root bus resource [io  0x0000-0x0cf7 window]
[    0.460014] pci_bus 0000:00: root bus resource [io  0x0d00-0xffff window]
[    0.464017] pci_bus 0000:00: root bus resource [mem 0x000a0000-0x000bffff window]
[    0.468016] pci_bus 0000:00: root bus resource [mem 0x20000000-0xfdffffff window]
[    0.472015] pci_bus 0000:00: root bus resource [bus 00-ff]
[    0.488196] pci 0000:00:01.1: legacy IDE quirk: reg 0x10: [io  0x01f0-0x01f7]
[    0.492011] pci 0000:00:01.1: legacy IDE quirk: reg 0x14: [io  0x03f6]
[    0.496020] pci 0000:00:01.1: legacy IDE quirk: reg 0x18: [io  0x0170-0x0177]
[    0.500019] pci 0000:00:01.1: legacy IDE quirk: reg 0x1c: [io  0x0376]
[    0.544101] pci 0000:00:07.0: quirk: [io  0x4000-0x403f] claimed by PIIX4 ACPI
[    0.548068] pci 0000:00:07.0: quirk: [io  0x4100-0x410f] claimed by PIIX4 SMB
[    0.576278] ACPI: PCI Interrupt Link [LNKA] (IRQs 5 9 10 *11)
[    0.580859] ACPI: PCI Interrupt Link [LNKB] (IRQs 5 9 *10 11)
[    0.584364] ACPI: PCI Interrupt Link [LNKC] (IRQs 5 *9 10 11)
[    0.588558] ACPI: PCI Interrupt Link [LNKD] (IRQs 5 9 10 *11)
[    0.592892] SCSI subsystem initialized
[    0.596225] pci 0000:00:02.0: vgaarb: setting as boot VGA device
[    0.600000] pci 0000:00:02.0: vgaarb: VGA device added: decodes=io+mem,owns=io+mem,locks=none
[    0.600016] pci 0000:00:02.0: vgaarb: bridge control possible
[    0.604014] vgaarb: loaded
[    0.608201] ACPI: bus type USB registered
[    0.612061] usbcore: registered new interface driver usbfs
[    0.616062] usbcore: registered new interface driver hub
[    0.620043] usbcore: registered new device driver usb
[    0.624378] EDAC MC: Ver: 3.0.0
[    0.630075] PCI: Using ACPI for IRQ routing
[    0.633096] NetLabel: Initializing
[    0.636010] NetLabel:  domain hash size = 128
[    0.640025] NetLabel:  protocols = UNLABELED CIPSOv4 CALIPSO
[    0.644068] NetLabel:  unlabeled traffic allowed by default
[    0.648297] clocksource: Switched to clocksource kvm-clock
[    0.728050] VFS: Disk quotas dquot_6.6.0
[    0.733785] VFS: Dquot-cache hash table entries: 512 (order 0, 4096 bytes)
[    0.744677] AppArmor: AppArmor Filesystem Enabled
[    0.752537] pnp: PnP ACPI init
[    0.762311] pnp: PnP ACPI: found 3 devices
[    0.780794] clocksource: acpi_pm: mask: 0xffffff max_cycles: 0xffffff, max_idle_ns: 2085701024 ns
[    0.794816] NET: Registered protocol family 2
[    0.799520] IP idents hash table entries: 8192 (order: 4, 65536 bytes)
[    0.809402] TCP established hash table entries: 4096 (order: 3, 32768 bytes)
[    0.823051] TCP bind hash table entries: 4096 (order: 4, 65536 bytes)
[    0.831866] TCP: Hash tables configured (established 4096 bind 4096)
[    0.841577] UDP hash table entries: 256 (order: 1, 8192 bytes)
[    0.851376] UDP-Lite hash table entries: 256 (order: 1, 8192 bytes)
[    0.861677] NET: Registered protocol family 1
[    0.868715] pci 0000:00:00.0: Limiting direct PCI/PCI transfers
[    0.879365] pci 0000:00:01.0: Activating ISA DMA hang workarounds
[    0.888036] pci 0000:00:02.0: Video device with shadowed ROM at [mem 0x000c0000-0x000dffff]
[    0.899761] Unpacking initramfs...
[    1.937483] Freeing initrd memory: 19528K
[    1.952171] clocksource: tsc: mask: 0xffffffffffffffff max_cycles: 0x22df0f35937, max_idle_ns: 440795269039 ns
[    1.968940] platform rtc_cmos: registered platform RTC device (no PNP device found)
[    1.980154] Scanning for low memory corruption every 60 seconds
[    1.988970] Initialise system trusted keyrings
[    2.002071] Key type blacklist registered
[    2.010192] workingset: timestamp_bits=36 max_order=17 bucket_order=0
[    2.029662] zbud: loaded
[    2.037564] squashfs: version 4.0 (2009/01/31) Phillip Lougher
[    2.047702] fuse init (API version 7.26)
[    2.057871] Key type asymmetric registered
[    2.064195] Asymmetric key parser 'x509' registered
[    2.069971] Block layer SCSI generic (bsg) driver version 0.4 loaded (major 246)
[    2.082206] io scheduler noop registered
[    2.089502] io scheduler deadline registered
[    2.095109] io scheduler cfq registered (default)
[    2.100993] ACPI: AC Adapter [AC] (on-line)
[    2.107502] input: Power Button as /devices/LNXSYSTM:00/LNXPWRBN:00/input/input0
[    2.117935] ACPI: Power Button [PWRF]
[    2.129041] input: Sleep Button as /devices/LNXSYSTM:00/LNXSLPBN:00/input/input1
[    2.139012] ACPI: Sleep Button [SLPF]
[    2.151309] ACPI: Battery Slot [BAT0] (battery present)
[    2.161485] Serial: 8250/16550 driver, 32 ports, IRQ sharing enabled
[    2.214207] 00:02: ttyS0 at I/O 0x3f8 (irq = 4, base_baud = 115200) is a 16550A
[    2.228056] Linux agpgart interface v0.103
[    2.238185] loop: module loaded
[    2.246888] scsi host0: ata_piix
[    2.251614] scsi host1: ata_piix
[    2.256738] ata1: PATA max UDMA/33 cmd 0x1f0 ctl 0x3f6 bmdma 0xd000 irq 14
[    2.266968] ata2: PATA max UDMA/33 cmd 0x170 ctl 0x376 bmdma 0xd008 irq 15
[    2.280928] tun: Universal TUN/TAP device driver, 1.6
[    2.286771] PPP generic driver version 2.4.2
[    2.293278] ehci_hcd: USB 2.0 'Enhanced' Host Controller (EHCI) Driver
[    2.302005] ehci-pci: EHCI PCI platform driver
[    2.309670] ehci-platform: EHCI generic platform driver
[    2.316713] ohci_hcd: USB 1.1 'Open' Host Controller (OHCI) Driver
[    2.328043] ohci-pci: OHCI PCI platform driver
[    2.333747] ohci-platform: OHCI generic platform driver
[    2.342904] uhci_hcd: USB Universal Host Controller Interface driver
[    2.351845] i8042: PNP: PS/2 Controller [PNP0303:PS2K,PNP0f03:PS2M] at 0x60,0x64 irq 1,12
[    2.370729] serio: i8042 KBD port at 0x60,0x64 irq 1
[    2.379309] serio: i8042 AUX port at 0x60,0x64 irq 12
[    2.387743] mousedev: PS/2 mouse device common for all mice
[    2.397353] input: AT Translated Set 2 keyboard as /devices/platform/i8042/serio0/input/input2
[    2.409693] rtc_cmos rtc_cmos: rtc core: registered rtc_cmos as rtc0
[    2.422063] rtc_cmos rtc_cmos: alarms up to one day, 114 bytes nvram
[    2.431128] i2c /dev entries driver
[    2.514762] device-mapper: uevent: version 1.0.3
[    2.520749] device-mapper: ioctl: 4.37.0-ioctl (2017-09-20) initialised: dm-devel@redhat.com
[    2.534529] ledtrig-cpu: registered to indicate activity on CPUs
[    2.544117] NET: Registered protocol family 10
[    2.558630] Segment Routing with IPv6
[    2.562893] NET: Registered protocol family 17
[    2.572117] Key type dns_resolver registered
[    2.577879] mce: Using 0 MCE banks
[    2.581970] RAS: Correctable Errors collector initialized.
[    2.590550] sched_clock: Marking stable (2590213361, 0)->(4154503248, -1564289887)
[    2.602184] registered taskstats version 1
[    2.607872] Loading compiled-in X.509 certificates
[    2.618867] Loaded X.509 cert 'Build time autogenerated kernel key: b5b26778eaa3ab3a4a6cee031137706e947d12ad'
[    2.634602] Loaded X.509 cert 'Canonical Ltd. Live Patch Signing: 14df34d1a87cf37625abec039ef2bf521249b969'
[    2.650460] Loaded X.509 cert 'Canonical Ltd. Kernel Module Signing: 88f752e560a1e0737e31163a466ad7b70a850c19'
[    2.669715] blacklist: Loading compiled-in revocation X.509 certificates
[    2.679335] Loaded X.509 cert 'Canonical Ltd. Secure Boot Signing: 61482aa2830d0ab2ad5af10b7250da9033ddcef0'
[    2.695412] Loaded X.509 cert 'Canonical Ltd. Secure Boot Signing (2017): 242ade75ac4a15e50d50c84b0d45ff3eae707a03'
[    2.709006] Loaded X.509 cert 'Canonical Ltd. Secure Boot Signing (ESM 2018): 365188c1d374d6b07c3c8f240f8ef722433d6a8b'
[    2.719897] Loaded X.509 cert 'Canonical Ltd. Secure Boot Signing (2019): c0746fd6c5da3ae827864651ad66ae47fe24b3e8'
[    2.731413] Loaded X.509 cert 'Canonical Ltd. Secure Boot Signing (2021 v1): a8d54bbb3825cfb94fa13c9f8a594a195c107b8d'
[    2.743974] Loaded X.509 cert 'Canonical Ltd. Secure Boot Signing (2021 v2): 4cf046892d6fd3c9a5b03f98d845f90851dc6a8c'
[    2.757270] Loaded X.509 cert 'Canonical Ltd. Secure Boot Signing (2021 v3): 100437bb6de6e469b581e61cd66bce3ef4ed53af'
[    2.774087] Loaded X.509 cert 'Canonical Ltd. Secure Boot Signing (Ubuntu Core 2019): c1d57b8f6b743f23ee41f4f7ee292f06eecadfb9'
[    2.790077] zswap: loaded using pool lzo/zbud
[    2.801911] Key type big_key registered
[    2.808486] Key type trusted registered
[    2.817487] Key type encrypted registered
[    2.824156] AppArmor: AppArmor sha1 policy hashing enabled
[    2.833630] ima: No TPM chip found, activating TPM-bypass! (rc=-19)
[    2.842433] ima: Allocated hash algorithm: sha1
[    2.851139] evm: HMAC attrs: 0x1
[    2.857001]   Magic number: 0:256:339
[    2.863539] rtc_cmos rtc_cmos: setting system clock to 2024-11-02 17:19:46 UTC (1730567986)
[    2.876884] BIOS EDD facility v0.16 2004-Jun-25, 0 devices found
[    2.885914] EDD information not available.
[    2.895992] Freeing unused kernel image memory: 2480K
[    2.909379] Write protecting the kernel read-only data: 20480k
[    2.916853] Freeing unused kernel image memory: 2008K
[    2.924209] Freeing unused kernel image memory: 1820K
[    2.938188] x86/mm: Checked W+X mappings: passed, no W+X pages found.
Loading, please wait...
starting version 237
[    3.134232] e1000: Intel(R) PRO/1000 Network Driver - version 7.3.21-k8-NAPI
[    3.144459] e1000: Copyright (c) 1999-2006 Intel Corporation.
[    3.160906] Fusion MPT base driver 3.04.20
[    3.168228] Copyright (c) 1999-2008 LSI Corporation
[    3.249388] SSE version of gcm_enc/dec engaged.
[    3.331295] Fusion MPT SPI Host driver 3.04.20
[    3.477318] input: ImExPS/2 Generic Explorer Mouse as /devices/platform/i8042/serio1/input/input4
[    4.354083] e1000 0000:00:03.0 eth0: (PCI:33MHz:32-bit) 02:3b:7b:b7:3b:2d
[    4.366852] e1000 0000:00:03.0 eth0: Intel(R) PRO/1000 Network Connection
[    4.383053] mptbase: ioc0: Initiating bringup
[    4.503026] ioc0: LSI53C1030 A0: Capabilities={Initiator}
[    4.774851] scsi host2: ioc0: LSI53C1030 A0, FwRev=00000000h, Ports=1, MaxQ=256, IRQ=20
[    4.957785] scsi 2:0:0:0: Direct-Access     VBOX     HARDDISK         1.0  PQ: 0 ANSI: 5
[    4.980010] scsi target2:0:0: Beginning Domain Validation
[    4.996679] scsi target2:0:0: Domain Validation skipping write tests
[    5.006957] scsi target2:0:0: Ending Domain Validation
[    5.031206] scsi target2:0:0: asynchronous
[    5.074498] scsi 2:0:1:0: Direct-Access     VBOX     HARDDISK         1.0  PQ: 0 ANSI: 5
[    5.083038] scsi target2:0:1: Beginning Domain Validation
[    5.176592] scsi target2:0:1: Domain Validation skipping write tests
[    5.184138] scsi target2:0:1: Ending Domain Validation
[    5.216012] scsi target2:0:1: asynchronous
[    5.402051] sd 2:0:0:0: [sda] 83886080 512-byte logical blocks: (42.9 GB/40.0 GiB)
[    5.413540] sd 2:0:0:0: Attached scsi generic sg0 type 0
[    5.433918] sd 2:0:0:0: [sda] Write Protect is off
[    5.442732] sd 2:0:1:0: [sdb] 20480 512-byte logical blocks: (10.5 MB/10.0 MiB)
[    5.454953] sd 2:0:1:0: Attached scsi generic sg1 type 0
[    5.464396] sd 2:0:0:0: [sda] Incomplete mode parameter data
[    5.473324] sd 2:0:0:0: [sda] Assuming drive cache: write through
[    5.517949] sd 2:0:1:0: [sdb] Write Protect is off
[    5.532443] sd 2:0:1:0: [sdb] Incomplete mode parameter data
[    5.542145] sd 2:0:1:0: [sdb] Assuming drive cache: write through
[    5.551349]  sda: sda1
[    5.575566] sd 2:0:0:0: [sda] Attached SCSI disk
[    5.635022] sd 2:0:1:0: [sdb] Attached SCSI disk
[    6.356043] e1000 0000:00:08.0 eth1: (PCI:33MHz:32-bit) 08:00:27:0a:a4:21
[    6.365744] e1000 0000:00:08.0 eth1: Intel(R) PRO/1000 Network Connection
[    6.378013] e1000 0000:00:08.0 enp0s8: renamed from eth1
[    6.401105] e1000 0000:00:03.0 enp0s3: renamed from eth0
Begin: Loading essential drivers ... [    9.642066] raid6: sse2x1   gen()  6699 MB/s
[    9.712156] raid6: sse2x1   xor()  3799 MB/s
[    9.776280] raid6: sse2x2   gen()  5865 MB/s
[    9.836534] raid6: sse2x2   xor()  3894 MB/s
[    9.908108] raid6: sse2x4   gen()  8895 MB/s
[    9.980144] raid6: sse2x4   xor()  5198 MB/s
[    9.988889] raid6: using algorithm sse2x4 gen() 8895 MB/s
[    9.997317] raid6: .... xor() 5198 MB/s, rmw enabled
[   10.004547] raid6: using ssse3x2 recovery algorithm
[   10.016136] xor: measuring software checksum speed
[   10.124616]    prefetch64-sse: 26770.000 MB/sec
[   10.232188]    generic_sse: 24709.000 MB/sec
[   10.240094] xor: using function: prefetch64-sse (26770.000 MB/sec)
[   10.254011] async_tx: api initialized (async)
done.
Begin: Running /scripts/init-premount ... done.
Begin: Mounting root file system ... Begin: Running /scripts/local-top ... done.
Begin: Running /scripts/local-premount ... [   10.388919] Btrfs loaded, crc32c=crc32c-intel
Scanning for Btrfs filesystems
done.
Warning: fsck not present, so skipping root file system
[   10.497058] EXT4-fs (sda1): mounted filesystem with ordered data mode. Opts: (null)
done.
Begin: Running /scripts/local-bottom ... done.
Begin: Running /scripts/init-bottom ... done.
[   10.878121] ip_tables: (C) 2000-2006 Netfilter Core Team
[   10.909816] systemd[1]: systemd 237 running in system mode. (+PAM +AUDIT +SELINUX +IMA +APPARMOR +SMACK +SYSVINIT +UTMP +LIBCRYPTSETUP +GCRYPT +GNUTLS +ACL +XZ +LZ4 +SECCOMP +BLKID +ELFUTILS +KMOD -IDN2 +IDN -PCRE2 default-hierarchy=hybrid)
[   10.938313] systemd[1]: Detected virtualization oracle.
[   10.947116] systemd[1]: Detected architecture x86-64.

Welcome to [1mUbuntu 18.04.6 LTS[0m!

[   10.966912] systemd[1]: Set hostname to <ubuntu>.
[   10.986938] systemd[1]: Initializing machine ID from random generator.
[   10.999272] systemd[1]: Installed transient /etc/machine-id file.
[   11.655490] systemd[1]: Reached target Mounting snaps.
[[0;32m  OK  [0m] Reached target Mounting snaps.
[   11.672178] systemd[1]: Set up automount Arbitrary Executable File Formats File System Automount Point.
[[0;32m  OK  [0m] Set up automount Arbitrary Executab…rmats File System Automount Point.
[   11.700715] systemd[1]: Reached target Mounted snaps.
[[0;32m  OK  [0m] Reached target Mounted snaps.
[   11.719954] systemd[1]: Reached target Swap.
[[0;32m  OK  [0m] Reached target Swap.
[[0;32m  OK  [0m] Reached target System Time Synchronized.
[[0;32m  OK  [0m] Created slice User and Session Slice.
[[0;32m  OK  [0m] Started Forward Password Requests to Wall Directory Watch.
[[0;32m  OK  [0m] Reached target User and Group Name Lookups.
[[0;32m  OK  [0m] Created slice System Slice.
[[0;32m  OK  [0m] Listening on Device-mapper event daemon FIFOs.
[[0;32m  OK  [0m] Listening on Journal Socket (/dev/log).
[[0;32m  OK  [0m] Listening on Syslog Socket.
[[0;32m  OK  [0m] Listening on Journal Socket.
         Mounting POSIX Message Queue File System...
         Starting Load Kernel Modules...
         Starting Create list of required st…ce nodes for the current kernel...
[[0;32m  OK  [0m] Listening on LVM2 poll daemon socket.
[   11.876633] Loading iSCSI transport class v2.0-870.
         Starting Uncomplicated firewall...
[[0;32m  OK  [0m] Listening on Journal Audit Socket.
         [   11.922862] iscsi: registered transport (tcp)
Starting Journal Service...
[[0;32m  OK  [0m] Listening on /dev/initctl Compatibility Named Pipe.
         Starting Set the console keyboard layout...
[[0;32m  OK  [0m] Listening on udev Kernel Socket.
[[0;32m  OK  [0m] Listening on LVM2 metadata daemon socket.
         Starting Monitoring of LVM2 mirrors…ng dmeventd or progress polling...
[[0;32m  OK  [0m] Created slice system-serial\x2dgetty.slice.
[[0;32m  OK  [0m] Reached target Slices.
         Mounting Huge Pages File System...
         Mounting Kernel Debug File System...
[[0;32m  OK  [0m] Listening on fsck to fsckd communication Socket.
         Starting File System Check on Root Device...
[[0;32m  OK  [0m] Listening on Network Service Netlink Socket.
[[0;32m  OK  [0m] Listening on udev Control Socket.
[   12.197395] iscsi: registered transport (iser)
         Starting udev Coldplug all Devices...
[[0;32m  OK  [0m] Started Journal Service.
[[0;32m  OK  [0m] Mounted POSIX Message Queue File System.
[[0;32m  OK  [0m] Started Load Kernel Modules.
[[0;32m  OK  [0m] Started Create list of required sta…vice nodes for the current kernel.
[[0;32m  OK  [0m] Started Uncomplicated firewall.
[[0;32m  OK  [0m] Mounted Huge Pages File System.
[[0;32m  OK  [0m] Mounted Kernel Debug File System.
[[0;32m  OK  [0m] Started LVM2 metadata daemon.
[[0;32m  OK  [0m] Started File System Check Daemon to report status.
         Starting Create Static Device Nodes in /dev...
         Mounting Kernel Configuration File System...
         Mounting FUSE Control File System...
         Starting Apply Kernel Variables...
[[0;32m  OK  [0m] Mounted FUSE Control File System.
[[0;32m  OK  [0m] Mounted Kernel Configuration File System.
[[0;32m  OK  [0m] Started File System Check on Root Device.
         Starting Remount Root and Kernel File Systems...
[[0;32m  OK  [0m] Started Create Static Device Nodes in /dev.
[[0;32m  OK  [0m] Started Apply Kernel Variables.
[[0;32m  OK  [0m] Started Monitoring of LVM2 mirrors,…sing dmeventd or progress polling.
[[0;32m  OK  [0m] Started udev Coldplug all Devices.
[[0;32m  OK  [0m] Started Remount Root and Kernel File Systems.
         Starting Flush Journal to Persistent Storage...
         Starting udev Kernel Device Manager...
         Starting Load/Save Random Seed...
[[0;32m  OK  [0m] Started Load/Save Random Seed.
[[0;32m  OK  [0m] Started udev Kernel Device Manager.
[[0;32m  OK  [0m] Started Flush Journal to Persistent Storage.
[[0;32m  OK  [0m] Found device /dev/ttyS0.
[[0;32m  OK  [0m] Listening on Load/Save RF Kill Switch Status /dev/rfkill Watch.
[[0;32m  OK  [0m] Started Set the console keyboard layout.
         Mounting Arbitrary Executable File Formats File System...
[[0;32m  OK  [0m] Reached target Local File Systems (Pre).
[[0;32m  OK  [0m] Reached target Local File Systems.
         Starting ebtables ruleset management...
         Starting Commit a transient machine-id on disk...
         Starting Create Volatile Files and Directories...
         Starting AppArmor initialization...
         Starting Tell Plymouth To Write Out Runtime Data...
         Starting Set console font and keymap...
[[0;32m  OK  [0m] Started Dispatch Password Requests to Console Directory Watch.
[[0;32m  OK  [0m] Reached target Local Encrypted Volumes.
[[0;32m  OK  [0m] Mounted Arbitrary Executable File Formats File System.
[[0;32m  OK  [0m] Started Commit a transient machine-id on disk.
[[0;32m  OK  [0m] Started Tell Plymouth To Write Out Runtime Data.
[[0;32m  OK  [0m] Started Create Volatile Files and Directories.
         Starting Update UTMP about System Boot/Shutdown...
[[0;32m  OK  [0m] Started Update UTMP about System Boot/Shutdown.
[[0;32m  OK  [0m] Started ebtables ruleset management.
[[0;32m  OK  [0m] Started AppArmor initialization.
         Starting Load AppArmor profiles managed internally by snapd...
         Starting Initial cloud-init job (pre-networking)...
[[0;32m  OK  [0m] Started Load AppArmor profiles managed internally by snapd.
[[0;32m  OK  [0m] Started Set console font and keymap.
[   28.056424] cloud-init[765]: Cloud-init v. 23.1.2-0ubuntu0~18.04.1 running 'init-local' at Sat, 02 Nov 2024 17:20:10 +0000. Up 26.89 seconds.
[[0;32m  OK  [0m] Started Initial cloud-init job (pre-networking).
[[0;32m  OK  [0m] Reached target Network (Pre).
         Starting Network Service...
[[0;32m  OK  [0m] Started Network Service.
         Starting Wait for Network to be Configured...
         Starting Network Name Resolution...
[[0;32m  OK  [0m] Started Network Name Resolution.
[[0;32m  OK  [0m] Reached target Network.
[[0;32m  OK  [0m] Reached target Host and Network Name Lookups.
[[0;32m  OK  [0m] Started Wait for Network to be Configured.
         Starting Initial cloud-init job (metadata service crawler)...
[   32.598567] cloud-init[922]: Cloud-init v. 23.1.2-0ubuntu0~18.04.1 running 'init' at Sat, 02 Nov 2024 17:20:15 +0000. Up 32.07 seconds.
[   32.629901] cloud-init[922]: ci-info: ++++++++++++++++++++++++++++++++++++++Net device info+++++++++++++++++++++++++++++++++++++++
[   32.654165] cloud-init[922]: ci-info: +--------+-------+----------------------------+---------------+--------+-------------------+
[   32.678622] cloud-init[922]: ci-info: | Device |   Up  |          Address           |      Mask     | Scope  |     Hw-Address    |
[   32.701863] cloud-init[922]: ci-info: +--------+-------+----------------------------+---------------+--------+-------------------+
[   32.747301] cloud-init[922]: ci-info: | enp0s3 |  True |         10.0.2.15          | 255.255.255.0 | global | 02:3b:7b:b7:3b:2d |
[   32.780743] cloud-init[922]: ci-info: | enp0s3 |  True | fe80::3b:7bff:feb7:3b2d/64 |       .       |  link  | 02:3b:7b:b7:3b:2d |
[   32.813961] cloud-init[922]: ci-info: | enp0s8 | False |             .              |       .       |   .    | 08:00:27:0a:a4:21 |
[   32.834178] cloud-init[922]: ci-info: |   lo   |  True |         127.0.0.1          |   255.0.0.0   |  host  |         .         |
[   32.851060] cloud-init[922]: ci-info: |   lo   |  True |          ::1/128           |       .       |  host  |         .         |
[   32.876898] cloud-init[922]: ci-info: +--------+-------+----------------------------+---------------+--------+-------------------+
[   32.909303] cloud-init[922]: ci-info: ++++++++++++++++++++++++++++Route IPv4 info+++++++++++++++++++++++++++++
[   32.934159] cloud-init[922]: ci-info: +-------+-------------+----------+-----------------+-----------+-------+
[   32.962544] cloud-init[922]: ci-info: | Route | Destination | Gateway  |     Genmask     | Interface | Flags |
[   32.986026] cloud-init[922]: ci-info: +-------+-------------+----------+-----------------+-----------+-------+
[   33.017458] cloud-init[922]: ci-info: |   0   |   0.0.0.0   | 10.0.2.2 |     0.0.0.0     |   enp0s3  |   UG  |
[   33.039423] cloud-init[922]: ci-info: |   1   |   10.0.2.0  | 0.0.0.0  |  255.255.255.0  |   enp0s3  |   U   |
[   33.057951] cloud-init[922]: ci-info: |   2   |   10.0.2.2  | 0.0.0.0  | 255.255.255.255 |   enp0s3  |   UH  |
[   33.085466] cloud-init[922]: ci-info: +-------+-------------+----------+-----------------+-----------+-------+
[   33.116819] cloud-init[922]: ci-info: +++++++++++++++++++Route IPv6 info+++++++++++++++++++
[   33.130431] cloud-init[922]: ci-info: +-------+-------------+---------+-----------+-------+
[   33.156674] cloud-init[922]: ci-info: | Route | Destination | Gateway | Interface | Flags |
[   33.169560] cloud-init[922]: ci-info: +-------+-------------+---------+-----------+-------+
[   33.189515] cloud-init[922]: ci-info: |   1   |  fe80::/64  |    ::   |   enp0s3  |   U   |
[   33.206121] cloud-init[922]: ci-info: |   3   |    local    |    ::   |   enp0s3  |   U   |
[   33.232567] cloud-init[922]: ci-info: |   4   |   ff00::/8  |    ::   |   enp0s3  |   U   |
[   33.252640] cloud-init[922]: ci-info: +-------+-------------+---------+-----------+-------+
[   36.118251] cloud-init[922]: Generating public/private rsa key pair.
[   36.142152] cloud-init[922]: Your identification has been saved in /etc/ssh/ssh_host_rsa_key.
[   36.163509] cloud-init[922]: Your public key has been saved in /etc/ssh/ssh_host_rsa_key.pub.
[   36.198013] cloud-init[922]: The key fingerprint is:
[   36.210310] cloud-init[922]: SHA256:YxkPayuyV8iXzTMZ+hnaYl3yV5ye3Bk+NhdnxXwKpeU root@ubuntu-bionic
[   36.233008] cloud-init[922]: The key's randomart image is:
[   36.250134] cloud-init[922]: +---[RSA 2048]----+
[   36.275202] cloud-init[922]: |                 |
[   36.286751] cloud-init[922]: |              o  |
[   36.309530] cloud-init[922]: |        o    = o |
[   36.318335] cloud-init[922]: |         *. o E =|
[   36.334620] cloud-init[922]: |     . .S=.o . o+|
[   36.351491] cloud-init[922]: |      oo=oO . .+=|
[   36.366805] cloud-init[922]: [|    . .o.= O  +oB|[0;32m  OK  [0m
[   36.391392] ] Started Initial cloud-init job (metadata service crawler).
[cloud-init[922]: [0;32m  OK  [0m] Reached target Network is Online.|     o..+ = . .Xo|

[[0;32m  OK  [0m] [   36.441154] cloud-initReached target Remote File Systems (Pre).
[922]: |    .. . .   .. +|
[[0;32m  OK  [0m] Reached target Remote File Systems.
         [   36.471450] Starting Availability of block devices...
[[0;32m  OK  [0mcloud-init[922]: ] Reached target Cloud-config availability.
+----[SHA256]-----+
[[0;32m  OK  [0m[   36.515393] ] Reached target System Initialization.cloud-init[922]: 
[[0;32m  OK  [0m] Listening on UUID daemon activation socket.Generating public/private dsa key pair.
[[0;32m  OK  [0m] Started Daily apt download activities.
[[0;32m  OK  [0m] Listening on D-Bus System Message Bus Socket.
[[0;32m  OK  [0m] Started Discard unused blocks once a week.

[   36.563252] cloud-init[922]: Your identification has been saved in /etc/ssh/ssh_host_dsa_key.         
Starting LXD - unix socket.
[   36.582112] cloud-init[922]: Your public key has been saved in /etc/ssh/ssh_host_dsa_key.pub.[[0;32m  OK  [0m] Listening on cloud-init hotplug hook socket.
[
[   36.611315] [0;32m  OK  [0m] Listening on ACPID Listen Socket.cloud-init
[[922]: The key fingerprint is:[0;32m  OK  [0m] Started Daily apt upgrade and clean activities.
[   36.648964] cloud-init[922]: SHA256:ianD7cKHRjWt21ecQchFBwrlxb95zzv4WCbjT33hc8k root@ubuntu-bionic

[   36.663357] cloud-init[922]: The key's randomart image is:
[[0;32m  OK  [0m] Started ACPI Events Check.[   36.686541] cloud-init[922]: +---[DSA 1024]----+

[[0;32m  OK  [0m] Started Ubuntu Advantage Timer for running repeated jobs.
[   36.699981] cloud-init[922]:          |        .o.==..  |
[   36.711837] Starting Socket activation for snappy daemon.
[[0;32m  OK  [0m] cloud-initStarted Message of the Day.
[922]: |         oooo.   |
[[0;32m  OK  [0m] [   36.740984] cloud-init[922]: Reached target Paths.
|       .  o. .   |
[   36.751536] [[0;32m  OK  [0mcloud-init[922]: ] Started Daily Cleanup of Temporary Directories.|      oo..  . .  |

[[   36.777417] cloud-init[0;32m  OK  [0m] Reached target Timers.[922]: |     .ooS  . o + |
[
[   36.795699] [0;32m  OK  [0m] Listening on Open-iSCSI iscsid Socket.cloud-init[922]: |   ..o.     + = =|
[   36.806102] cloud-init[922]: |   o+..o   . o.E=|
[   36.806210] cloud-init[922]: |    =oo . . ..B.*|
[   36.806252] cloud-init[922]: |   . o.  .   oo+o|
[   36.806291] cloud-init[922]: +----[SHA256]-----+
[   36.806331] cloud-init[922]: Generating public/private ecdsa key pair.
[   36.806374] cloud-init[922]: Your identification has been saved in /etc/ssh/ssh_host_ecdsa_key.

[[0;32m  OK  [0m] Started Availability of block devices.
[[0;32m  OK  [0m] Listening on LXD - unix socket.
[[0;32m  OK  [0m] Listening on Socket activation for snappy daemon.[   36.846174] cloud-init
[[0;32m  OK  [0m[922]: Your public key has been saved in /etc/ssh/ssh_host_ecdsa_key.pub.] Reached target Sockets.

[[0;32m  OK  [0m[   36.901140] ] Reached target Basic System.
cloud-init[922]: The key fingerprint is:
         Starting Pollinate to seed the pseudo random number generator...[   36.962691] cloud-init[922]: SHA256:/rpxcU+Rf9LqqooLNgPzQXNG09nXj2fEvFaWDF+qdbA root@ubuntu-bionic
[   36.966645] cloud-init[922]: The key's randomart image is:
[   36.966756] cloud-init[922]: +---[ECDSA 256]---+
[   36.966807] cloud-init[922]: |      o. o   o+oo|
[   36.966846] cloud-init[922]: |     . .o . . oBB|
[   36.966885] cloud-init[922]: |    o o    .  E*+|
[   36.966930] cloud-init[922]: |   . +       o.B+|
[   36.966972] cloud-init[922]: |  o .   S . o +o+|
[   36.967009] cloud-init[922]: |   + . .   o o o.|
[   36.967098] cloud-init[922]: |    *   o .   o  |
[   36.967185] cloud-init[922]: |   . + . +   .   |
[   36.967227] cloud-init[922]: |      o.++o....  |
[   36.967268] cloud-init[922]: +----[SHA256]-----+
[   36.967305] cloud-init[922]: Generating public/private ed25519 key pair.
[   36.967345] cloud-init[922]: Your identification has been saved in /etc/ssh/ssh_host_ed25519_key.
[   36.967389] cloud-init[922]: Your public key has been saved in /etc/ssh/ssh_host_ed25519_key.pub.
[   36.967428] cloud-init[922]: The key fingerprint is:
[   36.967465] cloud-init[922]: SHA256:hCVSgdrfhfAB9K5TuUtvYESpzN7G+XBLCJHTvKdxwR4 root@ubuntu-bionic
[   36.967501] cloud-init[922]: The key's randomart image is:
[   36.967543] cloud-init[922]: +--[ED25519 256]--+
[   36.967579] cloud-init[922]: |    .+**.o       |
[   36.967616] cloud-init[922]: |    ..==* E      |
[   36.967651] cloud-init[922]: |   o o.Bo= o     |
[   36.967799] cloud-init[922]: |  . . =o*.=      |
[   36.967852] cloud-init[922]: |     o *SO       |
[   36.967886] cloud-init[922]: |      oo%.o      |
[   36.967920] cloud-init[922]: |      ooo* .     |
[   36.967960] cloud-init[922]: |       o o+      |

[   37.083082] cloud-init[[0;32m  OK  [0m] [922]: |        ...      |Started Regular background program processing daemon.

         Starting LSB: Record successful boot for GRUB...[   37.161093] cloud-init
         Starting Permit User Sessions...
[922]:          Starting Dispatcher daemon for systemd-networkd...
+----[SHA256]-----+
[[0;32m  OK  [0m] Started irqbalance daemon.
[[0;32m  OK  [0m] Started Deferred execution scheduler.
[[0;32m  OK  [0m] Started D-Bus System Message Bus.
         Starting Virtualbox guest utils...
         Starting LSB: automatic crash report generation...
         Starting Snap Daemon...
[[0;32m  OK  [0m] Reached target Login Prompts (Pre).
         Starting Accounts Service...
         Starting Login Service...
         Starting LXD - container startup/shutdown...
         Starting System Logging Service...
[[0;32m  OK  [0m] Started FUSE filesystem for LXC.
[[0;32m  OK  [0m] Started Permit User Sessions.
         Starting Terminate Plymouth Boot Screen...
         Starting Hold until boot process finishes up...
[[0;32m  OK  [0m] Started Hold until boot process finishes up.
         Starting Set console scheme...
[[0;32m  OK  [0m] Started Serial Getty on ttyS0.
[[0;32m  OK  [0m] Started Terminate Plymouth Boot Screen.
[[0;32m  OK  [0m] Started System Logging Service.
[[0;32m  OK  [0m] Started Set console scheme.
[[0;32m  OK  [0m] Created slice system-getty.slice.
[[0;32m  OK  [0m] Started Getty on tty1.
[[0;32m  OK  [0m] Reached target Login Prompts.
[[0;32m  OK  [0m] Started LSB: automatic crash report generation.
[[0;32m  OK  [0m] Started Login Service.
[[0;32m  OK  [0m] Started Unattended Upgrades Shutdown.
         Starting Authorization Manager...
[[0;32m  OK  [0m] Started LSB: Record successful boot for GRUB.
[[0;32m  OK  [0m] Started Authorization Manager.
[[0;32m  OK  [0m] Started Accounts Service.
[[0;32m  OK  [0m] Started Virtualbox guest utils.
[[0;32m  OK  [0m] Started LXD - container startup/shutdown.
[[0;32m  OK  [0m] Started Dispatcher daemon for systemd-networkd.
[[0;32m  OK  [0m] Started Pollinate to seed the pseudo random number generator.
         Starting OpenBSD Secure Shell server...
[[0;32m  OK  [0m] Started Snap Daemon.
         Starting Wait until snapd is fully seeded...
[[0;32m  OK  [0m] Started OpenBSD Secure Shell server.

Ubuntu 18.04.6 LTS ubuntu-bionic ttyS0

ubuntu-bionic login: [   64.586634] cloud-init[1439]: Cloud-init v. 23.1.2-0ubuntu0~18.04.1 running 'modules:config' at Sat, 02 Nov 2024 17:20:39 +0000. Up 56.13 seconds.
ci-info: no authorized SSH keys fingerprints found for user ubuntu.
<14>Nov  2 17:20:50 cloud-init: #############################################################
<14>Nov  2 17:20:50 cloud-init: -----BEGIN SSH HOST KEY FINGERPRINTS-----
<14>Nov  2 17:20:50 cloud-init: 1024 SHA256:ianD7cKHRjWt21ecQchFBwrlxb95zzv4WCbjT33hc8k root@ubuntu-bionic (DSA)
<14>Nov  2 17:20:50 cloud-init: 256 SHA256:/rpxcU+Rf9LqqooLNgPzQXNG09nXj2fEvFaWDF+qdbA root@ubuntu-bionic (ECDSA)
<14>Nov  2 17:20:50 cloud-init: 256 SHA256:hCVSgdrfhfAB9K5TuUtvYESpzN7G+XBLCJHTvKdxwR4 root@ubuntu-bionic (ED25519)
<14>Nov  2 17:20:50 cloud-init: 2048 SHA256:YxkPayuyV8iXzTMZ+hnaYl3yV5ye3Bk+NhdnxXwKpeU root@ubuntu-bionic (RSA)
<14>Nov  2 17:20:50 cloud-init: -----END SSH HOST KEY FINGERPRINTS-----
<14>Nov  2 17:20:50 cloud-init: #############################################################
-----BEGIN SSH HOST KEY KEYS-----
ecdsa-sha2-nistp256 AAAAE2VjZHNhLXNoYTItbmlzdHAyNTYAAAAIbmlzdHAyNTYAAABBBIS/bXgpkff+f7lSN8PDOtJezuuzIivp8YFUEVF4oOAoXPqNeYjAOXqpZHMxczqQc9qNSzClyP7NvoDQLe1G2r0= root@ubuntu-bionic
ssh-ed25519 AAAAC3NzaC1lZDI1NTE5AAAAIDxFbTtA6OBUxbCooL6YU5vIVFPma4HZgJpnJtbd/ypF root@ubuntu-bionic
ssh-rsa AAAAB3NzaC1yc2EAAAADAQABAAABAQDHdXitr4/9mbKnU7D9Ga/HDxUDdC7z8Fg04pJIlEqdgKHNbpWIAJVFO/GPkimi0FzRn1yRErkwHGb366vw5efZ19cHJLmkrovYMwDgxUIso0bbxl5/VqlZXGFzOaPFSmTJcRREfv+UvZ8ve0Xjv51C01j7dlnWC4BOvRpQizSzRLihNL/lEI3x0q5cXTBhqwM/UcOioRR9pBvCWmU1GgdcbqJlsILGsK/6dlLF2z/oHBkeYDwhSAHVB/O/Ra5+7ENdaokcEm63h/LACfrX0rbTBi74jJSaovkJRh4AlJud4ouvTlquLvS6Doxn1Qhqlv/qPnPPehmpHTB7i0CedU4X root@ubuntu-bionic
-----END SSH HOST KEY KEYS-----
[   67.491287] cloud-init[1636]: Cloud-init v. 23.1.2-0ubuntu0~18.04.1 running 'modules:final' at Sat, 02 Nov 2024 17:20:50 +0000. Up 66.80 seconds.
[   67.562080] cloud-init[1636]: Cloud-init v. 23.1.2-0ubuntu0~18.04.1 finished at Sat, 02 Nov 2024 17:20:51 +0000. Datasource DataSourceNoCloud [seed=/dev/sdb][dsmode=net].  Up 67.38 seconds
